<?xml version="1.0" encoding="UTF-8"?>
<!-- Generated by org.testng.reporters.JUnitReportReporter -->
<testsuite hostname="Apurva" failures="0" tests="2" name="TestCases.VerifyLoginPage" time="42.297" errors="0" timestamp="2022-02-12T07:37:45 IST" skipped="0">
  <testcase classname="TestCases.VerifyLoginPage" name="LaunchBrowser" time="23.112"/>
  <system-out/>
  <testcase classname="TestCases.VerifyLoginPage" name="LaunchBrowser" time="19.185"/>
  <system-out/>
</testsuite> <!-- TestCases.VerifyLoginPage -->
