<?xml version="1.0" encoding="UTF-8"?>
<!-- Generated by org.testng.reporters.JUnitReportReporter -->
<testsuite hostname="Apurva" failures="0" tests="1" name="TestCases.VerifySignupPage" time="38.292" errors="0" timestamp="2022-02-12T07:37:45 IST" skipped="0">
  <testcase classname="TestCases.VerifySignupPage" name="fillSignupForm" time="38.292"/>
  <system-out/>
</testsuite> <!-- TestCases.VerifySignupPage -->
